#
# An unexpected error has been detected by Java Runtime Environment:
#
#  EXCEPTION_ACCESS_VIOLATION (0xc0000005) at pc=0x78f37986, pid=18736, tid=18612
#
# Java VM: Java HotSpot(TM) Client VM (11.2-b01 mixed mode windows-x86)
# Problematic frame:
# C  [hg.dll+0x247986]
#
# If you would like to submit a bug report, please visit:
#   http://java.sun.com/webapps/bugreport/crash.jsp
# The crash happened outside the Java Virtual Machine in native code.
# See problematic frame for where to report the bug.
#

---------------  T H R E A D  ---------------

Current thread (0x04c5ec00):  JavaThread "main" [_thread_in_native, id=18612, stack(0x00430000,0x00c30000)]

siginfo: ExceptionCode=0xc0000005, reading address 0x00000128

Registers:
EAX=0x00000000, EBX=0x00c2834b, ECX=0x010907d0, EDX=0x00000000
ESP=0x00c282fc, EBP=0x00c282fc, ESI=0x78fdcbc8, EDI=0x00c28340
EIP=0x78f37986, EFLAGS=0x00210246

Top of Stack: (sp=0x00c282fc)
0x00c282fc:   00c28314 78f49182 00000000 00000000
0x00c2830c:   00000000 7b188dd0 00c2834c 78f49345
0x00c2831c:   00000000 78fdcbc8 00c2833c 00c28340
0x00c2832c:   00c2834b 00c28344 00000000 24757f10
0x00c2833c:   78fdcbc8 00000000 00000000 00000001
0x00c2834c:   00c2836c 78ef2415 00000000 78fdcbc8
0x00c2835c:   24757f10 38e49424 38e49420 38e49420
0x00c2836c:   00c283ac 78ef2493 04acb7d8 79dc5510 

Instructions: (pc=0x78f37986)
0x78f37976:   8b 80 90 01 00 00 5d c3 cc cc 55 8b ec 8b 45 08
0x78f37986:   8b 80 28 01 00 00 5d c3 cc cc 55 8b ec 8b 55 08 


Stack: [0x00430000,0x00c30000],  sp=0x00c282fc,  free space=8160k
Native frames: (J=compiled Java code, j=interpreted, Vv=VM code, C=native code)
C  [hg.dll+0x247986]
C  [hg.dll+0x259182]
C  [hg.dll+0x259345]
C  [hg.dll+0x202415]
C  [hg.dll+0x202493]
C  [uiw.dll+0x46082]
C  [libuij.dll+0x25896]
C  [libuij.dll+0x25e19]
C  [libuij.dll+0x25fa3]
C  [libuij.dll+0x26032]
C  [mcr.dll+0x37de2]
C  [mcr.dll+0x381be]
C  [m_dispatcher.dll+0x8e2c]
C  [m_dispatcher.dll+0x9167]
C  [m_dispatcher.dll+0x617e]
C  [m_dispatcher.dll+0x8e2c]
C  [m_dispatcher.dll+0x9167]
C  [m_interpreter.dll+0x230a4]
C  [m_interpreter.dll+0x296d8]
C  [m_interpreter.dll+0xc7af4]
C  [nativejmi.dll+0x6d7a]
C  [nativejmi.dll+0x7d78]
C  [nativejmi.dll+0x7b4a]
C  [nativejmi.dll+0xc8ed]
C  [nativejmi.dll+0xc9b3]
j  com.mathworks.jmi.NativeMatlab.SendMatlabMessage(Ljava/lang/Object;)Ljava/lang/Object;+0
j  com.mathworks.jmi.NativeMatlab.sendMatlabMessage(Ljava/lang/Object;)Ljava/lang/Object;+22
j  com.mathworks.jmi.MatlabLooper.sendMatlabMessage(Lcom/mathworks/services/message/MWMessage;)Ljava/lang/Object;+20
j  com.mathworks.jmi.Matlab.mtFevalConsoleOutput(Ljava/lang/String;[Ljava/lang/Object;I)Ljava/lang/Object;+58
j  com.mathworks.mde.desk.MLDesktop$9.run()V+14
j  com.mathworks.jmi.NativeMatlab.dispatchMTRequests(Z)V+50
v  ~StubRoutines::call_stub

Java frames: (J=compiled Java code, j=interpreted, Vv=VM code)
j  com.mathworks.jmi.NativeMatlab.SendMatlabMessage(Ljava/lang/Object;)Ljava/lang/Object;+0
j  com.mathworks.jmi.NativeMatlab.sendMatlabMessage(Ljava/lang/Object;)Ljava/lang/Object;+22
j  com.mathworks.jmi.MatlabLooper.sendMatlabMessage(Lcom/mathworks/services/message/MWMessage;)Ljava/lang/Object;+20
j  com.mathworks.jmi.Matlab.mtFevalConsoleOutput(Ljava/lang/String;[Ljava/lang/Object;I)Ljava/lang/Object;+58
j  com.mathworks.mde.desk.MLDesktop$9.run()V+14
j  com.mathworks.jmi.NativeMatlab.dispatchMTRequests(Z)V+50
v  ~StubRoutines::call_stub

---------------  P R O C E S S  ---------------

Java Threads: ( => current thread )
  0x1cffac00 JavaThread "Image Fetcher 0" daemon [_thread_blocked, id=36756, stack(0x0f830000,0x0f8b0000)]
  0x1cffa000 JavaThread "Foxtrot Single Worker Thread #1" daemon [_thread_blocked, id=44976, stack(0x251f0000,0x25270000)]
  0x0dade400 JavaThread "Active Reference Queue Daemon" daemon [_thread_blocked, id=19552, stack(0x1e180000,0x1e200000)]
  0x0dadcc00 JavaThread "Timer-8" daemon [_thread_blocked, id=19548, stack(0x0fae0000,0x0fb60000)]
  0x0dade000 JavaThread "FelixPackageAdmin" daemon [_thread_blocked, id=19544, stack(0x1e010000,0x1e090000)]
  0x0dadd800 JavaThread "FelixStartLevel" daemon [_thread_blocked, id=19540, stack(0x1df00000,0x1df80000)]
  0x0dadd400 JavaThread "FelixDispatchQueue" daemon [_thread_blocked, id=19536, stack(0x1de80000,0x1df00000)]
  0x0dadc800 JavaThread "Timer-7" daemon [_thread_blocked, id=19508, stack(0x0f8f0000,0x0f970000)]
  0x0dadac00 JavaThread "Prefs Updater" daemon [_thread_blocked, id=19472, stack(0x0f420000,0x0f4a0000)]
  0x0da56400 JavaThread "Timer-1" [_thread_blocked, id=19460, stack(0x0df20000,0x0dfa0000)]
  0x0d6b3800 JavaThread "TimerQueue" daemon [_thread_blocked, id=18704, stack(0x0dd50000,0x0ddd0000)]
  0x0d6cd400 JavaThread "AWT-EventQueue-0" [_thread_blocked, id=19072, stack(0x0dc80000,0x0dd00000)]
  0x0d5b9c00 JavaThread "AWT-Windows" daemon [_thread_in_native, id=17372, stack(0x0afb0000,0x0b030000)]
  0x0d5b9400 JavaThread "AWT-Shutdown" [_thread_blocked, id=17544, stack(0x0aef0000,0x0af70000)]
  0x0d5b9000 JavaThread "Java2D Disposer" daemon [_thread_blocked, id=19284, stack(0x0ae30000,0x0aeb0000)]
  0x0c2ef000 JavaThread "Timer-0" [_thread_blocked, id=12608, stack(0x0a920000,0x0a9a0000)]
  0x0c274400 JavaThread "JMI Unnamed Thread" [_thread_in_native, id=4796, stack(0x05190000,0x05990000)]
  0x0c220c00 JavaThread "Low Memory Detector" daemon [_thread_blocked, id=17820, stack(0x0a810000,0x0a890000)]
  0x04d0cc00 JavaThread "CompilerThread0" daemon [_thread_blocked, id=19408, stack(0x0c400000,0x0cc00000)]
  0x04cf4400 JavaThread "Attach Listener" daemon [_thread_blocked, id=18640, stack(0x0a710000,0x0a790000)]
  0x04ce3000 JavaThread "Finalizer" daemon [_thread_blocked, id=16780, stack(0x0a690000,0x0a710000)]
  0x04cde800 JavaThread "Reference Handler" daemon [_thread_blocked, id=18740, stack(0x0a570000,0x0a5f0000)]
=>0x04c5ec00 JavaThread "main" [_thread_in_native, id=18612, stack(0x00430000,0x00c30000)]

Other Threads:
  0x04cd9c00 VMThread [stack: 0x0ba00000,0x0c200000] [id=18744]
  0x0c229800 WatcherThread [stack: 0x0cc40000,0x0d440000] [id=15100]

VM state:not at safepoint (normal execution)

VM Mutex/Monitor currently owned by a thread: None

Heap
 def new generation   total 29504K, used 2969K [0x0fca0000, 0x11ca0000, 0x11ca0000)
  eden space 26240K,   1% used [0x0fca0000, 0x0fd21508, 0x11640000)
  from space 3264K,  75% used [0x11970000, 0x11bd52b8, 0x11ca0000)
  to   space 3264K,   0% used [0x11640000, 0x11640000, 0x11970000)
 tenured generation   total 98304K, used 67769K [0x11ca0000, 0x17ca0000, 0x17ca0000)
   the space 98304K,  68% used [0x11ca0000, 0x15ece708, 0x15ece800, 0x17ca0000)
 compacting perm gen  total 35584K, used 35351K [0x17ca0000, 0x19f60000, 0x1bca0000)
   the space 35584K,  99% used [0x17ca0000, 0x19f25c28, 0x19f25e00, 0x19f60000)
No shared spaces configured.

Dynamic libraries:
0x00400000 - 0x00425000 	C:\Program Files (x86)\MATLAB\R2010a\bin\win32\MATLAB.exe
0x77210000 - 0x77390000 	C:\Windows\SysWOW64\ntdll.dll
0x75150000 - 0x75260000 	C:\Windows\syswow64\kernel32.dll
0x74e40000 - 0x74e87000 	C:\Windows\syswow64\KERNELBASE.dll
0x7b940000 - 0x7b9ec000 	C:\Program Files (x86)\MATLAB\R2010a\bin\win32\libut.dll
0x74e00000 - 0x74e2b000 	C:\Windows\syswow64\imagehlp.dll
0x756f0000 - 0x7579c000 	C:\Windows\syswow64\msvcrt.dll
0x75300000 - 0x753a1000 	C:\Windows\syswow64\ADVAPI32.dll
0x74b60000 - 0x74b79000 	C:\Windows\SysWOW64\sechost.dll
0x755f0000 - 0x756e0000 	C:\Windows\syswow64\RPCRT4.dll
0x74b00000 - 0x74b60000 	C:\Windows\syswow64\SspiCli.dll
0x74af0000 - 0x74afc000 	C:\Windows\syswow64\CRYPTBASE.dll
0x756e0000 - 0x756e5000 	C:\Windows\syswow64\PSAPI.DLL
0x7bfa0000 - 0x7bfbf000 	C:\Program Files (x86)\MATLAB\R2010a\bin\win32\LIBEXPAT.dll
0x74840000 - 0x748db000 	C:\Windows\WinSxS\x86_microsoft.vc80.crt_1fc8b3b9a1e18e3b_8.0.50727.6195_none_d09154e044272b9a\MSVCR80.dll
0x7bd50000 - 0x7be38000 	C:\Program Files (x86)\MATLAB\R2010a\bin\win32\icuuc40.dll
0x7b4b0000 - 0x7b4b4000 	C:\Program Files (x86)\MATLAB\R2010a\bin\win32\icudt40.dll
0x7b4c0000 - 0x7b4cc000 	C:\Program Files (x86)\MATLAB\R2010a\bin\win32\icuio40.dll
0x7b670000 - 0x7b768000 	C:\Program Files (x86)\MATLAB\R2010a\bin\win32\icuin40.dll
0x748f0000 - 0x74977000 	C:\Windows\WinSxS\x86_microsoft.vc80.crt_1fc8b3b9a1e18e3b_8.0.50727.6195_none_d09154e044272b9a\MSVCP80.dll
0x74b80000 - 0x74c80000 	C:\Windows\syswow64\USER32.dll
0x750c0000 - 0x75150000 	C:\Windows\syswow64\GDI32.dll
0x75070000 - 0x7507a000 	C:\Windows\syswow64\LPK.dll
0x75500000 - 0x7559d000 	C:\Windows\syswow64\USP10.dll
0x78770000 - 0x787ee000 	C:\Program Files (x86)\MATLAB\R2010a\bin\win32\libmwfl.dll
0x7d160000 - 0x7d16e000 	C:\Program Files (x86)\MATLAB\R2010a\bin\win32\boost_date_time-vc80-mt-1_36.dll
0x7d330000 - 0x7d346000 	C:\Program Files (x86)\MATLAB\R2010a\bin\win32\boost_filesystem-vc80-mt-1_36.dll
0x7c500000 - 0x7c507000 	C:\Program Files (x86)\MATLAB\R2010a\bin\win32\boost_system-vc80-mt-1_36.dll
0x7d050000 - 0x7d060000 	C:\Program Files (x86)\MATLAB\R2010a\bin\win32\boost_signals-vc80-mt-1_36.dll
0x7b4a0000 - 0x7b4ac000 	C:\Program Files (x86)\MATLAB\R2010a\bin\win32\boost_thread-vc80-mt-1_36.dll
0x7ba50000 - 0x7bc63000 	C:\Program Files (x86)\MATLAB\R2010a\bin\win32\libmwservices.dll
0x7b9f0000 - 0x7ba4d000 	C:\Program Files (x86)\MATLAB\R2010a\bin\win32\libmx.dll
0x78c90000 - 0x78ca3000 	C:\Program Files (x86)\MATLAB\R2010a\bin\win32\zlib1.dll
0x7bc70000 - 0x7bd47000 	C:\Program Files (x86)\MATLAB\R2010a\bin\win32\libmwmathutil.dll
0x79e30000 - 0x79e6a000 	C:\Program Files (x86)\MATLAB\R2010a\bin\win32\mpath.dll
0x7c0a0000 - 0x7c166000 	C:\Program Files (x86)\MATLAB\R2010a\bin\win32\mlutil.dll
0x7cfb0000 - 0x7d00e000 	C:\Program Files (x86)\MATLAB\R2010a\bin\win32\xmlcore.dll
0x79720000 - 0x798e2000 	C:\Program Files (x86)\MATLAB\R2010a\bin\win32\xerces-c_2_7.dll
0x74e90000 - 0x74ec5000 	C:\Windows\syswow64\WS2_32.dll
0x771e0000 - 0x771e6000 	C:\Windows\syswow64\NSI.dll
0x75ba0000 - 0x767eb000 	C:\Windows\syswow64\SHELL32.dll
0x74c80000 - 0x74cd7000 	C:\Windows\syswow64\SHLWAPI.dll
0x78720000 - 0x7874e000 	C:\Program Files (x86)\MATLAB\R2010a\bin\win32\tbb.dll
0x746f0000 - 0x74774000 	C:\Windows\WinSxS\x86_microsoft.windows.common-controls_6595b64144ccf1df_5.82.7601.18837_none_ec86b8d6858ec0bc\COMCTL32.dll
0x75480000 - 0x754fb000 	C:\Windows\syswow64\comdlg32.dll
0x749b0000 - 0x749c1000 	C:\Windows\system32\NETAPI32.dll
0x749a0000 - 0x749a9000 	C:\Windows\system32\netutils.dll
0x74980000 - 0x74999000 	C:\Windows\system32\srvcli.dll
0x748e0000 - 0x748ef000 	C:\Windows\system32\wkscli.dll
0x7a0e0000 - 0x7a144000 	C:\Program Files (x86)\MATLAB\R2010a\bin\win32\mcr.dll
0x7e890000 - 0x7e8a9000 	C:\Program Files (x86)\MATLAB\R2010a\bin\win32\libmwi18n.dll
0x7b4d0000 - 0x7b539000 	C:\Program Files (x86)\MATLAB\R2010a\bin\win32\iqm.dll
0x7a6c0000 - 0x7ab7b000 	C:\Program Files (x86)\MATLAB\R2010a\bin\win32\m_interpreter.dll
0x7b550000 - 0x7b561000 	C:\Program Files (x86)\MATLAB\R2010a\bin\win32\libmex.dll
0x79fb0000 - 0x7a017000 	C:\Program Files (x86)\MATLAB\R2010a\bin\win32\m_dispatcher.dll
0x7d280000 - 0x7d31d000 	C:\Program Files (x86)\MATLAB\R2010a\bin\win32\boost_regex-vc80-mt-1_36.dll
0x79ec0000 - 0x79f1b000 	C:\Program Files (x86)\MATLAB\R2010a\bin\win32\profiler.dll
0x7b5d0000 - 0x7b5f2000 	C:\Program Files (x86)\MATLAB\R2010a\bin\win32\libmwmathrng.dll
0x78c00000 - 0x78c12000 	C:\Program Files (x86)\MATLAB\R2010a\bin\win32\m_pcodeio.dll
0x79df0000 - 0x79e27000 	C:\Program Files (x86)\MATLAB\R2010a\bin\win32\m_ir.dll
0x7a1d0000 - 0x7a6bd000 	C:\Program Files (x86)\MATLAB\R2010a\bin\win32\m_parser.dll
0x7b540000 - 0x7b54e000 	C:\Program Files (x86)\MATLAB\R2010a\bin\win32\ir_xfmr.dll
0x787f0000 - 0x7894e000 	C:\Program Files (x86)\MATLAB\R2010a\bin\win32\mcos.dll
0x7b610000 - 0x7b61a000 	C:\Program Files (x86)\MATLAB\R2010a\bin\win32\mtok.dll
0x78be0000 - 0x78bfa000 	C:\Program Files (x86)\MATLAB\R2010a\bin\win32\m_pcodegen.dll
0x7e810000 - 0x7e844000 	C:\Program Files (x86)\MATLAB\R2010a\bin\win32\libmwspmatrix.dll
0x7e850000 - 0x7e871000 	C:\Program Files (x86)\MATLAB\R2010a\bin\win32\libmwbridge.dll
0x7b180000 - 0x7b209000 	C:\Program Files (x86)\MATLAB\R2010a\bin\win32\udd.dll
0x7be40000 - 0x7bf3f000 	C:\Program Files (x86)\MATLAB\R2010a\bin\win32\libmwgui.dll
0x78cf0000 - 0x7914f000 	C:\Program Files (x86)\MATLAB\R2010a\bin\win32\hg.dll
0x78b60000 - 0x78b92000 	C:\Program Files (x86)\MATLAB\R2010a\bin\win32\libmat.dll
0x7b770000 - 0x7b939000 	C:\Program Files (x86)\MATLAB\R2010a\bin\win32\libhdf5.dll
0x79d40000 - 0x79d96000 	C:\Program Files (x86)\MATLAB\R2010a\bin\win32\jmi.dll
0x79a40000 - 0x79a70000 	C:\Program Files (x86)\MATLAB\R2010a\bin\win32\libmwhardcopy.dll
0x79da0000 - 0x79de3000 	C:\Program Files (x86)\MATLAB\R2010a\bin\win32\libuij.dll
0x78630000 - 0x7871f000 	C:\Program Files (x86)\MATLAB\R2010a\bin\win32\hgdatatypes.dll
0x785c0000 - 0x78628000 	C:\Program Files (x86)\MATLAB\R2010a\bin\win32\hgutils.dll
0x78ba0000 - 0x78bd4000 	C:\Program Files (x86)\MATLAB\R2010a\bin\win32\libmwlapack.dll
0x7b580000 - 0x7b58e000 	C:\Program Files (x86)\MATLAB\R2010a\bin\win32\libmwbinder.dll
0x7b210000 - 0x7b492000 	C:\Program Files (x86)\MATLAB\R2010a\bin\win32\uiw.dll
0x7b660000 - 0x7b669000 	C:\Program Files (x86)\MATLAB\R2010a\bin\win32\uinone.dll
0x00df0000 - 0x00eff000 	C:\Windows\WinSxS\x86_microsoft.vc80.mfc_1fc8b3b9a1e18e3b_8.0.50727.6195_none_cbf5e994470a1a8f\MFC80.DLL
0x00f00000 - 0x00f51000 	C:\Windows\system32\WINSPOOL.DRV
0x76a80000 - 0x76bdc000 	C:\Windows\syswow64\ole32.dll
0x75260000 - 0x752f1000 	C:\Windows\syswow64\OLEAUT32.dll
0x7a150000 - 0x7a1cc000 	C:\Program Files (x86)\MATLAB\R2010a\bin\win32\udd_mi.dll
0x78c20000 - 0x78c37000 	C:\Program Files (x86)\MATLAB\R2010a\bin\win32\mwoles05.DLL
0x79e70000 - 0x79eb9000 	C:\Program Files (x86)\MATLAB\R2010a\bin\win32\comcli.dll
0x00f90000 - 0x00fab000 	C:\Windows\WinSxS\x86_microsoft.vc80.atl_1fc8b3b9a1e18e3b_8.0.50727.6195_none_d1cb102c435421de\ATL80.DLL
0x7b600000 - 0x7b60b000 	C:\Program Files (x86)\MATLAB\R2010a\bin\win32\mlautoregister.dll
0x757b0000 - 0x75810000 	C:\Windows\system32\IMM32.DLL
0x74ce0000 - 0x74dac000 	C:\Windows\syswow64\MSCTF.dll
0x010a0000 - 0x010aa000 	C:\Windows\WinSxS\x86_microsoft.vc80.mfcloc_1fc8b3b9a1e18e3b_8.0.50727.6195_none_03ce2c72205943d3\MFC80CHS.DLL
0x753b0000 - 0x753bb000 	C:\Windows\syswow64\profapi.dll
0x03d40000 - 0x03dc0000 	C:\Windows\system32\uxtheme.dll
0x0fc80000 - 0x0fc9a000 	C:\Windows\system32\giahwwxkgaun.dll
0x74a10000 - 0x74a19000 	C:\Windows\system32\VERSION.dll
0x746d0000 - 0x746ec000 	C:\Windows\system32\iphlpapi.dll
0x746c0000 - 0x746c7000 	C:\Windows\system32\WINNSI.DLL
0x74220000 - 0x74264000 	C:\Windows\system32\DNSAPI.dll
0x741d0000 - 0x741dd000 	C:\Windows\system32\dhcpcsvc6.DLL
0x743e0000 - 0x743f2000 	C:\Windows\system32\dhcpcsvc.DLL
0x011b0000 - 0x011b3000 	C:\Windows\system32\icmp.Dll
0x75090000 - 0x750b7000 	C:\Windows\syswow64\CFGMGR32.dll
0x79ae0000 - 0x79d36000 	C:\Program Files (x86)\MATLAB\R2010a\sys\java\jre\win32\jre\bin\client\jvm.dll
0x749d0000 - 0x74a02000 	C:\Windows\system32\WINMM.dll
0x7bfc0000 - 0x7c016000 	C:\Program Files (x86)\MATLAB\R2010a\bin\win32\MSVCR71.dll
0x04bd0000 - 0x04c1c000 	C:\Windows\system32\apphelp.dll
0x03de0000 - 0x03df3000 	C:\Windows\system32\dwmapi.dll
0x73bc0000 - 0x73cab000 	C:\Windows\syswow64\dbghelp.dll
0x79f70000 - 0x79f78000 	C:\Program Files (x86)\MATLAB\R2010a\sys\java\jre\win32\jre\bin\hpi.dll
0x79f90000 - 0x79f9c000 	C:\Program Files (x86)\MATLAB\R2010a\sys\java\jre\win32\jre\bin\verify.dll
0x78cb0000 - 0x78ccf000 	C:\Program Files (x86)\MATLAB\R2010a\sys\java\jre\win32\jre\bin\java.dll
0x79fa0000 - 0x79faf000 	C:\Program Files (x86)\MATLAB\R2010a\sys\java\jre\win32\jre\bin\zip.dll
0x78c40000 - 0x78c5e000 	C:\Program Files (x86)\MATLAB\R2010a\bin\win32\nativejava.dll
0x73ba0000 - 0x73bb2000 	C:\Windows\system32\MPR.dll
0x78c60000 - 0x78c85000 	C:\Program Files (x86)\MATLAB\R2010a\bin\win32\nativejmi.dll
0x7b650000 - 0x7b65a000 	C:\Program Files (x86)\MATLAB\R2010a\bin\win32\nativeservices.dll
0x798f0000 - 0x79a3a000 	C:\Program Files (x86)\MATLAB\R2010a\sys\java\jre\win32\jre\bin\awt.dll
0x7a020000 - 0x7a074000 	C:\Program Files (x86)\MATLAB\R2010a\sys\java\jre\win32\jre\bin\fontmanager.dll
0x78cd0000 - 0x78ce3000 	C:\Program Files (x86)\MATLAB\R2010a\sys\java\jre\win32\jre\bin\net.dll
0x742a0000 - 0x742dc000 	C:\Windows\system32\mswsock.dll
0x74280000 - 0x74286000 	C:\Windows\System32\wship6.dll
0x79f80000 - 0x79f89000 	C:\Program Files (x86)\MATLAB\R2010a\sys\java\jre\win32\jre\bin\nio.dll
0x78300000 - 0x7830c000 	C:\Program Files (x86)\MATLAB\R2010a\bin\win32\nativelmgr.dll
0x7c420000 - 0x7c444000 	C:\Program Files (x86)\MATLAB\R2010a\sys\java\jre\win32\jre\bin\jpeg.dll
0x78310000 - 0x784a4000 	C:\Program Files (x86)\MATLAB\R2010a\bin\win32\instutil.dll
0x74270000 - 0x74280000 	C:\Windows\system32\NLAapi.dll

VM Arguments:
jvm_args: -Xss512k -XX:PermSize=32m -Xms64m -XX:NewRatio=3 -XX:MaxPermSize=64m -Xmx128m -XX:MaxDirectMemorySize=1200000000 -Dsun.java2d.noddraw=true -Dsun.awt.nopixfmt=true -Xshare:off -Xrs -Djava.library.path=C:\Program Files (x86)\MATLAB\R2010a\bin\win32 vfprintf abort 
java_command: <unknown>
Launcher Type: generic

Environment Variables:
PATH=C:\Program Files (x86)\NVIDIA Corporation\PhysX\Common;C:\Program Files\NVIDIA GPU Computing Toolkit\CUDA\v6.0\bin;C:\Program Files\NVIDIA GPU Computing Toolkit\CUDA\v6.0\libnvvp;C:\Windows\system32;C:\Windows;C:\Windows\System32\Wbem;C:\Windows\System32\WindowsPowerShell\v1.0\;C:\Program Files (x86)\Windows7Master;C:\Program Files (x86)\MATLAB\R2010a\runtime\win32;C:\Program Files (x86)\MATLAB\R2010a\bin;C:\CTEX\UserData\miktex\bin;C:\CTEX\MiKTeX\miktex\bin;C:\CTEX\CTeX\ctex\bin;C:\CTEX\CTeX\cct\bin;C:\CTEX\CTeX\ty\bin;C:\CTEX\Ghostscript\gs9.05\bin;C:\CTEX\GSview\gsview;C:\CTEX\WinEdt;C:\Program Files (x86)\Microsoft Visual Studio\Common\Tools\WinNT;C:\Program Files (x86)\Microsoft Visual Studio\Common\MSDev98\Bin;C:\Program Files (x86)\Microsoft Visual Studio\Common\Tools;C:\Program Files (x86)\Microsoft Visual Studio\VC98\bin
USERNAME=Administrator
OS=Windows_NT
PROCESSOR_IDENTIFIER=Intel64 Family 6 Model 60 Stepping 3, GenuineIntel



---------------  S Y S T E M  ---------------

OS: Windows NT 6.1 Build 7601 Service Pack 1

CPU:total 8 (8 cores per cpu, 2 threads per core) family 6 model 12 stepping 3, cmov, cx8, fxsr, mmx, sse, sse2, sse3, ssse3, ht

Memory: 4k page, physical 4194303k(4194303k free), swap 4194303k(4194303k free)

vm_info: Java HotSpot(TM) Client VM (11.2-b01) for windows-x86 JRE (1.6.0_12-b04), built on Jan 17 2009 09:57:14 by "java_re" with MS VC++ 7.1

time: Tue Nov 15 17:36:58 2016
elapsed time: 350718 seconds

